<?xml version="1.0" encoding="UTF-8"?>
<testsuite xmlns:xsi="http://www.w3.org/2001/XMLSchema-instance" xsi:noNamespaceSchemaLocation="https://maven.apache.org/surefire/maven-surefire-plugin/xsd/surefire-test-report-3.0.xsd" version="3.0" name="StreamApiTest" time="0.024" tests="7" errors="0" skipped="0" failures="0">
  <properties>
[...]
</properties>
  <testcase name="getGroupByCondition_isFilterCorrect_True" classname="StreamApiTest" time="0.017"/>
  <testcase name="getAveragePrice_IsAverageCorrect_True" classname="StreamApiTest" time="0.017"/>
  <testcase name="getMostPopularTypeOfUpperCloth_IsPopularCorrect_True" classname="StreamApiTest" time="0.023"/>
  <testcase name="getMaxPrice_IsMaxCorrect_True" classname="StreamApiTest" time="0.017"/>
  <testcase name="getJumperPriceSum_IsSumCorrect_True" classname="StreamApiTest" time="0.002"/>
  <testcase name="getJumperPriceSum_isEmpty_True" classname="StreamApiTest" time="0.001"/>
  <testcase name="getJumperPriceSum_IsNull_True" classname="StreamApiTest" time="0.001"/>
</testsuite>